{
  "stats": {
    "suites": 1,
    "tests": 1,
    "passes": 1,
    "pending": 0,
    "failures": 0,
    "start": "2024-08-03T21:07:43.295Z",
    "end": "2024-08-03T21:07:55.403Z",
    "duration": 12108,
    "testsRegistered": 1,
    "passPercent": 100,
    "pendingPercent": 0,
    "other": 0,
    "hasOther": false,
    "skipped": 0,
    "hasSkipped": false
  },
  "results": [
    {
      "uuid": "69f83de7-f723-4854-ad0d-77ed8c432768",
      "title": "",
      "fullFile": "cypress\\e2e\\E2E.cy.js",
      "file": "cypress\\e2e\\E2E.cy.js",
      "beforeHooks": [],
      "afterHooks": [],
      "tests": [],
      "suites": [
        {
          "uuid": "e0e0b680-58a0-4e0a-9313-1994c0937e60",
          "title": "template spec",
          "fullFile": "",
          "file": "",
          "beforeHooks": [],
          "afterHooks": [],
          "tests": [
            {
              "title": "FEATURE01_Login",
              "fullTitle": "template spec FEATURE01_Login",
              "timedOut": null,
              "duration": 8287,
              "state": "passed",
              "speed": "medium",
              "pass": true,
              "fail": false,
              "pending": false,
              "context": null,
              "code": "cy.FEATURE01_Login();",
              "err": {},
              "uuid": "35f5b7c6-8d65-48b4-aa50-71ab47a776e9",
              "parentUUID": "e0e0b680-58a0-4e0a-9313-1994c0937e60",
              "isHook": false,
              "skipped": false
            }
          ],
          "suites": [],
          "passes": [
            "35f5b7c6-8d65-48b4-aa50-71ab47a776e9"
          ],
          "failures": [],
          "pending": [],
          "skipped": [],
          "duration": 8287,
          "root": false,
          "rootEmpty": false,
          "_timeout": 2000
        }
      ],
      "passes": [],
      "failures": [],
      "pending": [],
      "skipped": [],
      "duration": 0,
      "root": true,
      "rootEmpty": true,
      "_timeout": 2000
    }
  ],
  "meta": {
    "mocha": {
      "version": "7.0.1"
    },
    "mochawesome": {
      "options": {
        "quiet": false,
        "reportFilename": "report_2024-08-03",
        "saveHtml": true,
        "saveJson": true,
        "consoleReporter": "spec",
        "useInlineDiffs": false,
        "code": true
      },
      "version": "7.1.3"
    },
    "marge": {
      "options": {
        "reportDir": "cypress/reports",
        "reportFilename": "report_2024-08-03",
        "overwrite": false,
        "html": true
      },
      "version": "6.2.0"
    }
  }
}