{
  "stats": {
    "suites": 1,
    "tests": 10,
    "passes": 10,
    "pending": 0,
    "failures": 0,
    "start": "2024-08-04T17:45:27.683Z",
    "end": "2024-08-04T17:46:51.138Z",
    "duration": 83455,
    "testsRegistered": 10,
    "passPercent": 100,
    "pendingPercent": 0,
    "other": 0,
    "hasOther": false,
    "skipped": 0,
    "hasSkipped": false
  },
  "results": [
    {
      "uuid": "1839e9d4-b24e-4c2b-b835-1cdefab47d7b",
      "title": "",
      "fullFile": "cypress\\e2e\\E2E.cy.js",
      "file": "cypress\\e2e\\E2E.cy.js",
      "beforeHooks": [],
      "afterHooks": [],
      "tests": [],
      "suites": [
        {
          "uuid": "1bbb1018-57df-449d-9573-e9efec538456",
          "title": "template spec",
          "fullFile": "",
          "file": "",
          "beforeHooks": [],
          "afterHooks": [],
          "tests": [
            {
              "title": "FluxoCadastroLogin",
              "fullTitle": "template spec FluxoCadastroLogin",
              "timedOut": null,
              "duration": 5340,
              "state": "passed",
              "speed": "medium",
              "pass": true,
              "fail": false,
              "pending": false,
              "context": null,
              "code": "cy.FluxoCadastroLogin({\n  Email: \"CadastroVivar@gmail.com\"\n});",
              "err": {},
              "uuid": "4c73b51d-cdcd-480c-9aab-9364c48a9bcb",
              "parentUUID": "1bbb1018-57df-449d-9573-e9efec538456",
              "isHook": false,
              "skipped": false
            },
            {
              "title": "FluxoLoginInvalido",
              "fullTitle": "template spec FluxoLoginInvalido",
              "timedOut": null,
              "duration": 1818,
              "state": "passed",
              "speed": "fast",
              "pass": true,
              "fail": false,
              "pending": false,
              "context": null,
              "code": "cy.FluxoLoginInvalido({\n  Email: \"EmailClaramentoInvalidoNoSistema@gmail.com\"\n});",
              "err": {},
              "uuid": "38ea0a55-5ba8-4427-8880-7fb6a7d80bbe",
              "parentUUID": "1bbb1018-57df-449d-9573-e9efec538456",
              "isHook": false,
              "skipped": false
            },
            {
              "title": "FluxoCriarContas",
              "fullTitle": "template spec FluxoCriarContas",
              "timedOut": null,
              "duration": 5719,
              "state": "passed",
              "speed": "medium",
              "pass": true,
              "fail": false,
              "pending": false,
              "context": null,
              "code": "cy.FluxoCadastroLogin({\n  Email: \"CriarContaVivar@gmail.com\"\n});\ncy.FluxoCriarContas();",
              "err": {},
              "uuid": "5c50d9a8-865d-4246-af1a-b39cdb67b129",
              "parentUUID": "1bbb1018-57df-449d-9573-e9efec538456",
              "isHook": false,
              "skipped": false
            },
            {
              "title": "FluxoAlterarNomeConta",
              "fullTitle": "template spec FluxoAlterarNomeConta",
              "timedOut": null,
              "duration": 7662,
              "state": "passed",
              "speed": "medium",
              "pass": true,
              "fail": false,
              "pending": false,
              "context": null,
              "code": "cy.FluxoCadastroLogin({\n  Email: \"AlterarNomeContaVivar@gmail.com\"\n});\ncy.FluxoCriarContas();\ncy.FluxoAlterarNomeConta();",
              "err": {},
              "uuid": "daa3568e-0f9d-4340-af52-f8d4c86d0f8d",
              "parentUUID": "1bbb1018-57df-449d-9573-e9efec538456",
              "isHook": false,
              "skipped": false
            },
            {
              "title": "FluxoAlternativoContaNomeJaExistente",
              "fullTitle": "template spec FluxoAlternativoContaNomeJaExistente",
              "timedOut": null,
              "duration": 6766,
              "state": "passed",
              "speed": "medium",
              "pass": true,
              "fail": false,
              "pending": false,
              "context": null,
              "code": "cy.FluxoCadastroLogin({\n  Email: \"ContaJaExistenteVivar@gmail.com\"\n});\ncy.FluxoCriarContas();\ncy.FluxoAlternativoContaNomeJaExistente();",
              "err": {},
              "uuid": "1998129d-e8bf-4e71-bd9d-f198653be24c",
              "parentUUID": "1bbb1018-57df-449d-9573-e9efec538456",
              "isHook": false,
              "skipped": false
            },
            {
              "title": "FluxoExcluirContaComMovimentação",
              "fullTitle": "template spec FluxoExcluirContaComMovimentação",
              "timedOut": null,
              "duration": 10722,
              "state": "passed",
              "speed": "slow",
              "pass": true,
              "fail": false,
              "pending": false,
              "context": null,
              "code": "cy.FluxoCadastroLogin({\n  Email: \"ContaMovimentacaoJaExistenteVivar@gmail.com\"\n});\ncy.FluxoCriarContas();\ncy.FluxoExcluirContaComMovimentação();",
              "err": {},
              "uuid": "225fffd6-c7c7-4d7c-b55f-5a221650638c",
              "parentUUID": "1bbb1018-57df-449d-9573-e9efec538456",
              "isHook": false,
              "skipped": false
            },
            {
              "title": "FluxoCriarMovimentacao",
              "fullTitle": "template spec FluxoCriarMovimentacao",
              "timedOut": null,
              "duration": 13638,
              "state": "passed",
              "speed": "slow",
              "pass": true,
              "fail": false,
              "pending": false,
              "context": null,
              "code": "cy.FluxoCadastroLogin({\n  Email: \"CriarMovimentacaoVivar@gmail.com\"\n});\ncy.FluxoCriarContas();\ncy.FluxoCriarMovimentacao();",
              "err": {},
              "uuid": "bc4e61e9-f17e-4bff-87de-d7f72c2908be",
              "parentUUID": "1bbb1018-57df-449d-9573-e9efec538456",
              "isHook": false,
              "skipped": false
            },
            {
              "title": "FluxoValidacaoCampoDataValor",
              "fullTitle": "template spec FluxoValidacaoCampoDataValor",
              "timedOut": null,
              "duration": 11674,
              "state": "passed",
              "speed": "slow",
              "pass": true,
              "fail": false,
              "pending": false,
              "context": null,
              "code": "cy.FluxoCadastroLogin({\n  Email: \"ValidacaoCampoDataValor@gmail.com\"\n});\ncy.FluxoCriarContas();\ncy.FluxoValidacaoCampoDataValor();",
              "err": {},
              "uuid": "a06a8b1b-9a5b-4a62-a5d3-2853a2e47c0c",
              "parentUUID": "1bbb1018-57df-449d-9573-e9efec538456",
              "isHook": false,
              "skipped": false
            },
            {
              "title": "FluxoResumoMensal",
              "fullTitle": "template spec FluxoResumoMensal",
              "timedOut": null,
              "duration": 15761,
              "state": "passed",
              "speed": "slow",
              "pass": true,
              "fail": false,
              "pending": false,
              "context": null,
              "code": "cy.FluxoCadastroLogin({\n  Email: \"ResumoMensalVivar@gmail.com\"\n});\ncy.FluxoCriarContas();\ncy.FluxoCriarMovimentacao();\ncy.FluxoResumoMensal();",
              "err": {},
              "uuid": "0b1ab387-bd2f-4241-89c8-2fa3c0a299ca",
              "parentUUID": "1bbb1018-57df-449d-9573-e9efec538456",
              "isHook": false,
              "skipped": false
            },
            {
              "title": "FluxoSairConta",
              "fullTitle": "template spec FluxoSairConta",
              "timedOut": null,
              "duration": 3699,
              "state": "passed",
              "speed": "fast",
              "pass": true,
              "fail": false,
              "pending": false,
              "context": null,
              "code": "cy.FluxoCadastroLogin({\n  Email: \"SairContaVivar@gmail.com\"\n});\ncy.FluxoSairConta();",
              "err": {},
              "uuid": "f330cb6c-08a1-4854-b539-a5f6d9681634",
              "parentUUID": "1bbb1018-57df-449d-9573-e9efec538456",
              "isHook": false,
              "skipped": false
            }
          ],
          "suites": [],
          "passes": [
            "4c73b51d-cdcd-480c-9aab-9364c48a9bcb",
            "38ea0a55-5ba8-4427-8880-7fb6a7d80bbe",
            "5c50d9a8-865d-4246-af1a-b39cdb67b129",
            "daa3568e-0f9d-4340-af52-f8d4c86d0f8d",
            "1998129d-e8bf-4e71-bd9d-f198653be24c",
            "225fffd6-c7c7-4d7c-b55f-5a221650638c",
            "bc4e61e9-f17e-4bff-87de-d7f72c2908be",
            "a06a8b1b-9a5b-4a62-a5d3-2853a2e47c0c",
            "0b1ab387-bd2f-4241-89c8-2fa3c0a299ca",
            "f330cb6c-08a1-4854-b539-a5f6d9681634"
          ],
          "failures": [],
          "pending": [],
          "skipped": [],
          "duration": 82799,
          "root": false,
          "rootEmpty": false,
          "_timeout": 2000
        }
      ],
      "passes": [],
      "failures": [],
      "pending": [],
      "skipped": [],
      "duration": 0,
      "root": true,
      "rootEmpty": true,
      "_timeout": 2000
    }
  ],
  "meta": {
    "mocha": {
      "version": "7.0.1"
    },
    "mochawesome": {
      "options": {
        "quiet": false,
        "reportFilename": "report_2024-08-04",
        "saveHtml": true,
        "saveJson": true,
        "consoleReporter": "spec",
        "useInlineDiffs": false,
        "code": true
      },
      "version": "7.1.3"
    },
    "marge": {
      "options": {
        "reportDir": "cypress/reports",
        "reportFilename": "report_2024-08-04",
        "overwrite": false,
        "html": true
      },
      "version": "6.2.0"
    }
  }
}