{
  "stats": {
    "suites": 1,
    "tests": 1,
    "passes": 1,
    "pending": 0,
    "failures": 0,
    "start": "2024-08-03T21:06:38.448Z",
    "end": "2024-08-03T21:06:50.482Z",
    "duration": 12034,
    "testsRegistered": 1,
    "passPercent": 100,
    "pendingPercent": 0,
    "other": 0,
    "hasOther": false,
    "skipped": 0,
    "hasSkipped": false
  },
  "results": [
    {
      "uuid": "66f51986-e09e-47ce-80de-8029bebd0fbe",
      "title": "",
      "fullFile": "cypress\\e2e\\E2E.cy.js",
      "file": "cypress\\e2e\\E2E.cy.js",
      "beforeHooks": [],
      "afterHooks": [],
      "tests": [],
      "suites": [
        {
          "uuid": "a2bdf8e2-52f6-4809-ad4e-48780c2c059c",
          "title": "template spec",
          "fullFile": "",
          "file": "",
          "beforeHooks": [],
          "afterHooks": [],
          "tests": [
            {
              "title": "FEATURE01_Login",
              "fullTitle": "template spec FEATURE01_Login",
              "timedOut": null,
              "duration": 7924,
              "state": "passed",
              "speed": "medium",
              "pass": true,
              "fail": false,
              "pending": false,
              "context": null,
              "code": "cy.FEATURE01_Login();",
              "err": {},
              "uuid": "f55f5273-d7e1-431d-8a2f-e8326cba0190",
              "parentUUID": "a2bdf8e2-52f6-4809-ad4e-48780c2c059c",
              "isHook": false,
              "skipped": false
            }
          ],
          "suites": [],
          "passes": [
            "f55f5273-d7e1-431d-8a2f-e8326cba0190"
          ],
          "failures": [],
          "pending": [],
          "skipped": [],
          "duration": 7924,
          "root": false,
          "rootEmpty": false,
          "_timeout": 2000
        }
      ],
      "passes": [],
      "failures": [],
      "pending": [],
      "skipped": [],
      "duration": 0,
      "root": true,
      "rootEmpty": true,
      "_timeout": 2000
    }
  ],
  "meta": {
    "mocha": {
      "version": "7.0.1"
    },
    "mochawesome": {
      "options": {
        "quiet": false,
        "reportFilename": "report_2024-08-03",
        "saveHtml": true,
        "saveJson": true,
        "consoleReporter": "spec",
        "useInlineDiffs": false,
        "code": true
      },
      "version": "7.1.3"
    },
    "marge": {
      "options": {
        "reportDir": "cypress/reports",
        "reportFilename": "report_2024-08-03",
        "overwrite": false,
        "html": true
      },
      "version": "6.2.0"
    }
  }
}