{
  "stats": {
    "suites": 1,
    "tests": 10,
    "passes": 10,
    "pending": 0,
    "failures": 0,
    "start": "2024-08-04T18:49:46.646Z",
    "end": "2024-08-04T18:51:07.412Z",
    "duration": 80766,
    "testsRegistered": 10,
    "passPercent": 100,
    "pendingPercent": 0,
    "other": 0,
    "hasOther": false,
    "skipped": 0,
    "hasSkipped": false
  },
  "results": [
    {
      "uuid": "6285c180-8eeb-4693-bc77-12d829ed97a3",
      "title": "",
      "fullFile": "cypress\\e2e\\E2E.cy.js",
      "file": "cypress\\e2e\\E2E.cy.js",
      "beforeHooks": [],
      "afterHooks": [],
      "tests": [],
      "suites": [
        {
          "uuid": "8c25ace3-b741-41c9-9d41-3ce638c346f1",
          "title": "template spec",
          "fullFile": "",
          "file": "",
          "beforeHooks": [],
          "afterHooks": [],
          "tests": [
            {
              "title": "FluxoCadastroLogin",
              "fullTitle": "template spec FluxoCadastroLogin",
              "timedOut": null,
              "duration": 5478,
              "state": "passed",
              "speed": "medium",
              "pass": true,
              "fail": false,
              "pending": false,
              "context": null,
              "code": "cy.FluxoCadastroLogin({\n  Email: \"CadastroVivar@gmail.com\"\n});",
              "err": {},
              "uuid": "5dd673d5-2aaa-4d8c-a6c1-5c3f4aa115af",
              "parentUUID": "8c25ace3-b741-41c9-9d41-3ce638c346f1",
              "isHook": false,
              "skipped": false
            },
            {
              "title": "FluxoLoginInvalido",
              "fullTitle": "template spec FluxoLoginInvalido",
              "timedOut": null,
              "duration": 1834,
              "state": "passed",
              "speed": "fast",
              "pass": true,
              "fail": false,
              "pending": false,
              "context": null,
              "code": "cy.FluxoLoginInvalido({\n  Email: \"EmailClaramentoInvalidoNoSistema@gmail.com\"\n});",
              "err": {},
              "uuid": "a8cedb91-567c-402a-bb2f-1e5c0b4e7abd",
              "parentUUID": "8c25ace3-b741-41c9-9d41-3ce638c346f1",
              "isHook": false,
              "skipped": false
            },
            {
              "title": "FluxoCriarContas",
              "fullTitle": "template spec FluxoCriarContas",
              "timedOut": null,
              "duration": 5676,
              "state": "passed",
              "speed": "medium",
              "pass": true,
              "fail": false,
              "pending": false,
              "context": null,
              "code": "cy.FluxoCadastroLogin({\n  Email: \"CriarContaVivar@gmail.com\"\n});\ncy.FluxoCriarContas();",
              "err": {},
              "uuid": "962a4c10-4b53-481a-9e6b-f5a7cfaa9773",
              "parentUUID": "8c25ace3-b741-41c9-9d41-3ce638c346f1",
              "isHook": false,
              "skipped": false
            },
            {
              "title": "FluxoAlterarNomeConta",
              "fullTitle": "template spec FluxoAlterarNomeConta",
              "timedOut": null,
              "duration": 7649,
              "state": "passed",
              "speed": "medium",
              "pass": true,
              "fail": false,
              "pending": false,
              "context": null,
              "code": "cy.FluxoCadastroLogin({\n  Email: \"AlterarNomeContaVivar@gmail.com\"\n});\ncy.FluxoCriarContas();\ncy.FluxoAlterarNomeConta();",
              "err": {},
              "uuid": "3b1dbe77-f417-42b4-9638-d794f1c13e9c",
              "parentUUID": "8c25ace3-b741-41c9-9d41-3ce638c346f1",
              "isHook": false,
              "skipped": false
            },
            {
              "title": "FluxoAlternativoContaNomeJaExistente",
              "fullTitle": "template spec FluxoAlternativoContaNomeJaExistente",
              "timedOut": null,
              "duration": 6727,
              "state": "passed",
              "speed": "medium",
              "pass": true,
              "fail": false,
              "pending": false,
              "context": null,
              "code": "cy.FluxoCadastroLogin({\n  Email: \"ContaJaExistenteVivar@gmail.com\"\n});\ncy.FluxoCriarContas();\ncy.FluxoAlternativoContaNomeJaExistente();",
              "err": {},
              "uuid": "c9684d87-6421-4f28-948c-42e15473b1f1",
              "parentUUID": "8c25ace3-b741-41c9-9d41-3ce638c346f1",
              "isHook": false,
              "skipped": false
            },
            {
              "title": "FluxoExcluirContaComMovimentação",
              "fullTitle": "template spec FluxoExcluirContaComMovimentação",
              "timedOut": null,
              "duration": 8280,
              "state": "passed",
              "speed": "medium",
              "pass": true,
              "fail": false,
              "pending": false,
              "context": null,
              "code": "cy.FluxoCadastroLogin({\n  Email: \"ContaMovimentacaoJaExistenteVivar@gmail.com\"\n});\ncy.FluxoCriarContas();\ncy.FluxoExcluirContaComMovimentação();",
              "err": {},
              "uuid": "ac92dfdd-7199-4a3d-926d-863381347057",
              "parentUUID": "8c25ace3-b741-41c9-9d41-3ce638c346f1",
              "isHook": false,
              "skipped": false
            },
            {
              "title": "FluxoCriarMovimentacao",
              "fullTitle": "template spec FluxoCriarMovimentacao",
              "timedOut": null,
              "duration": 13780,
              "state": "passed",
              "speed": "slow",
              "pass": true,
              "fail": false,
              "pending": false,
              "context": null,
              "code": "cy.FluxoCadastroLogin({\n  Email: \"CriarMovimentacaoVivar@gmail.com\"\n});\ncy.FluxoCriarContas();\ncy.FluxoCriarMovimentacao({\n  Conta: \"Nome da conta 1\"\n});\ncy.FluxoCriarMovimentacao({\n  Conta: \"Nome da conta 2\"\n});",
              "err": {},
              "uuid": "7f27a6b4-9373-4ee9-8991-69b6657f0cce",
              "parentUUID": "8c25ace3-b741-41c9-9d41-3ce638c346f1",
              "isHook": false,
              "skipped": false
            },
            {
              "title": "FluxoValidacaoCampoDataValor",
              "fullTitle": "template spec FluxoValidacaoCampoDataValor",
              "timedOut": null,
              "duration": 11397,
              "state": "passed",
              "speed": "slow",
              "pass": true,
              "fail": false,
              "pending": false,
              "context": null,
              "code": "cy.FluxoCadastroLogin({\n  Email: \"ValidacaoCampoDataValor@gmail.com\"\n});\ncy.FluxoCriarContas();\ncy.FluxoValidacaoCampoDataValor();",
              "err": {},
              "uuid": "a04825b2-958a-4324-9261-9d632b5ab72d",
              "parentUUID": "8c25ace3-b741-41c9-9d41-3ce638c346f1",
              "isHook": false,
              "skipped": false
            },
            {
              "title": "FluxoResumoMensal",
              "fullTitle": "template spec FluxoResumoMensal",
              "timedOut": null,
              "duration": 15687,
              "state": "passed",
              "speed": "slow",
              "pass": true,
              "fail": false,
              "pending": false,
              "context": null,
              "code": "cy.FluxoCadastroLogin({\n  Email: \"ResumoMensalVivar@gmail.com\"\n});\ncy.FluxoCriarContas();\ncy.FluxoCriarMovimentacao({\n  Conta: \"Nome da conta 1\"\n});\ncy.FluxoCriarMovimentacao({\n  Conta: \"Nome da conta 2\"\n});\ncy.FluxoResumoMensal();",
              "err": {},
              "uuid": "ce1fd5e9-9d0a-45b3-ae66-7d883b357f4c",
              "parentUUID": "8c25ace3-b741-41c9-9d41-3ce638c346f1",
              "isHook": false,
              "skipped": false
            },
            {
              "title": "FluxoSairConta",
              "fullTitle": "template spec FluxoSairConta",
              "timedOut": null,
              "duration": 3732,
              "state": "passed",
              "speed": "fast",
              "pass": true,
              "fail": false,
              "pending": false,
              "context": null,
              "code": "cy.FluxoCadastroLogin({\n  Email: \"SairContaVivar@gmail.com\"\n});\ncy.FluxoSairConta();",
              "err": {},
              "uuid": "209b423d-bcae-4a25-97e2-0c7409ddac5a",
              "parentUUID": "8c25ace3-b741-41c9-9d41-3ce638c346f1",
              "isHook": false,
              "skipped": false
            }
          ],
          "suites": [],
          "passes": [
            "5dd673d5-2aaa-4d8c-a6c1-5c3f4aa115af",
            "a8cedb91-567c-402a-bb2f-1e5c0b4e7abd",
            "962a4c10-4b53-481a-9e6b-f5a7cfaa9773",
            "3b1dbe77-f417-42b4-9638-d794f1c13e9c",
            "c9684d87-6421-4f28-948c-42e15473b1f1",
            "ac92dfdd-7199-4a3d-926d-863381347057",
            "7f27a6b4-9373-4ee9-8991-69b6657f0cce",
            "a04825b2-958a-4324-9261-9d632b5ab72d",
            "ce1fd5e9-9d0a-45b3-ae66-7d883b357f4c",
            "209b423d-bcae-4a25-97e2-0c7409ddac5a"
          ],
          "failures": [],
          "pending": [],
          "skipped": [],
          "duration": 80240,
          "root": false,
          "rootEmpty": false,
          "_timeout": 2000
        }
      ],
      "passes": [],
      "failures": [],
      "pending": [],
      "skipped": [],
      "duration": 0,
      "root": true,
      "rootEmpty": true,
      "_timeout": 2000
    }
  ],
  "meta": {
    "mocha": {
      "version": "7.0.1"
    },
    "mochawesome": {
      "options": {
        "quiet": false,
        "reportFilename": "report_2024-08-04",
        "saveHtml": true,
        "saveJson": true,
        "consoleReporter": "spec",
        "useInlineDiffs": false,
        "code": true
      },
      "version": "7.1.3"
    },
    "marge": {
      "options": {
        "reportDir": "cypress/reports",
        "reportFilename": "report_2024-08-04",
        "overwrite": false,
        "html": true
      },
      "version": "6.2.0"
    }
  }
}