{
  "stats": {
    "suites": 1,
    "tests": 10,
    "passes": 10,
    "pending": 0,
    "failures": 0,
    "start": "2024-08-04T20:19:29.570Z",
    "end": "2024-08-04T20:20:53.776Z",
    "duration": 84206,
    "testsRegistered": 10,
    "passPercent": 100,
    "pendingPercent": 0,
    "other": 0,
    "hasOther": false,
    "skipped": 0,
    "hasSkipped": false
  },
  "results": [
    {
      "uuid": "f167da8c-70ed-4b8b-b529-9e7428f5f028",
      "title": "",
      "fullFile": "cypress\\e2e\\E2E.cy.js",
      "file": "cypress\\e2e\\E2E.cy.js",
      "beforeHooks": [],
      "afterHooks": [],
      "tests": [],
      "suites": [
        {
          "uuid": "0bf787e9-b667-49d0-8fcd-55e727cc37ce",
          "title": "template spec",
          "fullFile": "",
          "file": "",
          "beforeHooks": [],
          "afterHooks": [],
          "tests": [
            {
              "title": "FluxoCadastroLogin",
              "fullTitle": "template spec FluxoCadastroLogin",
              "timedOut": null,
              "duration": 5492,
              "state": "passed",
              "speed": "medium",
              "pass": true,
              "fail": false,
              "pending": false,
              "context": null,
              "code": "cy.FluxoCadastroLogin({\n  Email: \"CadastroVivar@gmail.com\"\n});",
              "err": {},
              "uuid": "cf8f2221-2b18-4f7a-8541-3ba82e5501f4",
              "parentUUID": "0bf787e9-b667-49d0-8fcd-55e727cc37ce",
              "isHook": false,
              "skipped": false
            },
            {
              "title": "FluxoLoginInvalido",
              "fullTitle": "template spec FluxoLoginInvalido",
              "timedOut": null,
              "duration": 1817,
              "state": "passed",
              "speed": "fast",
              "pass": true,
              "fail": false,
              "pending": false,
              "context": null,
              "code": "cy.FluxoLoginInvalido({\n  Email: \"EmailClaramentoInvalidoNoSistema@gmail.com\"\n});",
              "err": {},
              "uuid": "f328b6a8-20ad-45b8-8cfe-1a031f6fe101",
              "parentUUID": "0bf787e9-b667-49d0-8fcd-55e727cc37ce",
              "isHook": false,
              "skipped": false
            },
            {
              "title": "FluxoCriarContas",
              "fullTitle": "template spec FluxoCriarContas",
              "timedOut": null,
              "duration": 6020,
              "state": "passed",
              "speed": "medium",
              "pass": true,
              "fail": false,
              "pending": false,
              "context": null,
              "code": "cy.FluxoCadastroLogin({\n  Email: \"CriarContaVivar@gmail.com\"\n});\ncy.FluxoCriarContas({\n  Conta: \"Nome da conta 1\"\n});\ncy.FluxoCriarContas({\n  Conta: \"Nome da conta 2\"\n});",
              "err": {},
              "uuid": "cc6bc125-f9d5-416b-b9a6-4c7c4af63fb8",
              "parentUUID": "0bf787e9-b667-49d0-8fcd-55e727cc37ce",
              "isHook": false,
              "skipped": false
            },
            {
              "title": "FluxoAlterarNomeConta",
              "fullTitle": "template spec FluxoAlterarNomeConta",
              "timedOut": null,
              "duration": 7927,
              "state": "passed",
              "speed": "medium",
              "pass": true,
              "fail": false,
              "pending": false,
              "context": null,
              "code": "cy.FluxoCadastroLogin({\n  Email: \"AlterarNomeContaVivar@gmail.com\"\n});\ncy.FluxoCriarContas({\n  Conta: \"Nome da conta 1\"\n});\ncy.FluxoCriarContas({\n  Conta: \"Nome da conta 2\"\n});\ncy.FluxoAlterarNomeConta();",
              "err": {},
              "uuid": "5052de9c-f60a-462e-b0e1-0950b9700ad9",
              "parentUUID": "0bf787e9-b667-49d0-8fcd-55e727cc37ce",
              "isHook": false,
              "skipped": false
            },
            {
              "title": "FluxoAlternativoContaNomeJaExistente",
              "fullTitle": "template spec FluxoAlternativoContaNomeJaExistente",
              "timedOut": null,
              "duration": 5734,
              "state": "passed",
              "speed": "medium",
              "pass": true,
              "fail": false,
              "pending": false,
              "context": null,
              "code": "cy.FluxoCadastroLogin({\n  Email: \"ContaJaExistenteVivar@gmail.com\"\n});\ncy.FluxoCriarContas({\n  Conta: \"Nome da conta 1\"\n});\ncy.FluxoAlternativoContaNomeJaExistente();",
              "err": {},
              "uuid": "caff39e9-9233-4d76-b311-6d452d7f23cf",
              "parentUUID": "0bf787e9-b667-49d0-8fcd-55e727cc37ce",
              "isHook": false,
              "skipped": false
            },
            {
              "title": "FluxoExcluirContaComMovimentação",
              "fullTitle": "template spec FluxoExcluirContaComMovimentação",
              "timedOut": null,
              "duration": 8062,
              "state": "passed",
              "speed": "medium",
              "pass": true,
              "fail": false,
              "pending": false,
              "context": null,
              "code": "cy.FluxoCadastroLogin({\n  Email: \"ContaMovimentacaoJaExistenteVivar@gmail.com\"\n});\ncy.FluxoCriarContas({\n  Conta: \"Nome da conta 1\"\n});\ncy.FluxoCriarMovimentacao({\n  Conta: \"Nome da conta 1\",\n  Data: \"14/02/2024\",\n  Valor: \"1400\",\n  Tipo: \"Receita\",\n  Resposta: \"Movimentação adicionada com sucesso!\",\n  Status: \"#status_pago\"\n});\ncy.FluxoExcluirContaComMovimentação();",
              "err": {},
              "uuid": "0e7b509f-cc67-43ea-aeab-645609bd3890",
              "parentUUID": "0bf787e9-b667-49d0-8fcd-55e727cc37ce",
              "isHook": false,
              "skipped": false
            },
            {
              "title": "FluxoCriarMovimentacao",
              "fullTitle": "template spec FluxoCriarMovimentacao",
              "timedOut": null,
              "duration": 15260,
              "state": "passed",
              "speed": "slow",
              "pass": true,
              "fail": false,
              "pending": false,
              "context": null,
              "code": "cy.FluxoCadastroLogin({\n  Email: \"CriarMovimentacaoVivar@gmail.com\"\n});\ncy.FluxoCriarContas({\n  Conta: \"Nome da conta 1\"\n});\ncy.FluxoCriarContas({\n  Conta: \"Nome da conta 2\"\n});\ncy.FluxoCriarMovimentacao({\n  Conta: \"Nome da conta 1\",\n  Data: \"14/02/2024\",\n  Valor: \"1400\",\n  Tipo: \"Receita\",\n  Resposta: \"Movimentação adicionada com sucesso!\",\n  Status: \"#status_pendente\"\n});\ncy.FluxoCriarMovimentacao({\n  Conta: \"Nome da conta 2\",\n  Data: \"14/04/2024\",\n  Valor: \"1400\",\n  Tipo: \"Receita\",\n  Resposta: \"Movimentação adicionada com sucesso!\",\n  Status: \"#status_pendente\"\n});\ncy.FluxoCriarMovimentacao({\n  Conta: \"Nome da conta 1\",\n  Data: \"14/04/2024\",\n  Valor: \"1400\",\n  Tipo: \"Despesa\",\n  Resposta: \"Movimentação adicionada com sucesso!\",\n  Status: \"#status_pago\"\n});\ncy.FluxoCriarMovimentacao({\n  Conta: \"Nome da conta 1\",\n  Data: \"14/02/2024\",\n  Valor: \"1400\",\n  Tipo: \"Despesa\",\n  Resposta: \"Movimentação adicionada com sucesso!\",\n  Status: \"#status_pago\"\n});",
              "err": {},
              "uuid": "ab0bf30d-4bb8-41b3-bfe0-b7d31ac6186b",
              "parentUUID": "0bf787e9-b667-49d0-8fcd-55e727cc37ce",
              "isHook": false,
              "skipped": false
            },
            {
              "title": "FluxoValidacaoCampoDataValor",
              "fullTitle": "template spec FluxoValidacaoCampoDataValor",
              "timedOut": null,
              "duration": 11765,
              "state": "passed",
              "speed": "slow",
              "pass": true,
              "fail": false,
              "pending": false,
              "context": null,
              "code": "cy.FluxoCadastroLogin({\n  Email: \"ValidacaoCampoDataValor@gmail.com\"\n});\ncy.FluxoCriarContas({\n  Conta: \"Nome da conta 1\"\n});\ncy.FluxoCriarMovimentacao({\n  Conta: \"Nome da conta 1\",\n  Data: \"asdasd\",\n  Valor: \"1400\",\n  Tipo: \"Despesa\",\n  Resposta: \"Data da Movimentação inválida (DD/MM/YYYY)\",\n  Status: \"#status_pago\"\n});\ncy.FluxoCriarMovimentacao({\n  Conta: \"Nome da conta 1\",\n  Data: \"14042024\",\n  Valor: \"1400\",\n  Tipo: \"Despesa\",\n  Resposta: \"Data do pagamento inválida (DD/MM/YYYY)\",\n  Status: \"#status_pago\"\n});\ncy.FluxoCriarMovimentacao({\n  Conta: \"Nome da conta 1\",\n  Data: \"14/04/2024\",\n  Valor: \"adsiaosdsauoduas\",\n  Tipo: \"Despesa\",\n  Resposta: \"Valor deve ser um número\",\n  Status: \"#status_pago\"\n});",
              "err": {},
              "uuid": "1d8571d3-4487-4263-b8bc-1e7f5de24dee",
              "parentUUID": "0bf787e9-b667-49d0-8fcd-55e727cc37ce",
              "isHook": false,
              "skipped": false
            },
            {
              "title": "FluxoResumoMensal",
              "fullTitle": "template spec FluxoResumoMensal",
              "timedOut": null,
              "duration": 17795,
              "state": "passed",
              "speed": "slow",
              "pass": true,
              "fail": false,
              "pending": false,
              "context": null,
              "code": "cy.FluxoCadastroLogin({\n  Email: \"ResumoMensalVivar@gmail.com\"\n});\ncy.FluxoCriarContas({\n  Conta: \"Nome da conta 1\"\n});\ncy.FluxoCriarContas({\n  Conta: \"Nome da conta 2\"\n});\ncy.FluxoCriarMovimentacao({\n  Conta: \"Nome da conta 1\",\n  Data: \"14/02/2024\",\n  Valor: \"1400\",\n  Tipo: \"Receita\",\n  Resposta: \"Movimentação adicionada com sucesso!\",\n  Status: \"#status_pendente\"\n});\ncy.FluxoCriarMovimentacao({\n  Conta: \"Nome da conta 2\",\n  Data: \"14/04/2024\",\n  Valor: \"1400\",\n  Tipo: \"Receita\",\n  Resposta: \"Movimentação adicionada com sucesso!\",\n  Status: \"#status_pendente\"\n});\ncy.FluxoCriarMovimentacao({\n  Conta: \"Nome da conta 1\",\n  Data: \"14/04/2024\",\n  Valor: \"1400\",\n  Tipo: \"Despesa\",\n  Resposta: \"Movimentação adicionada com sucesso!\",\n  Status: \"#status_pago\"\n});\ncy.FluxoCriarMovimentacao({\n  Conta: \"Nome da conta 1\",\n  Data: \"14/02/2024\",\n  Valor: \"1400\",\n  Tipo: \"Despesa\",\n  Resposta: \"Movimentação adicionada com sucesso!\",\n  Status: \"#status_pago\"\n});\ncy.FluxoResumoMensal();",
              "err": {},
              "uuid": "a4145e86-c7fa-4b29-8d54-db57c84d6988",
              "parentUUID": "0bf787e9-b667-49d0-8fcd-55e727cc37ce",
              "isHook": false,
              "skipped": false
            },
            {
              "title": "FluxoSairConta",
              "fullTitle": "template spec FluxoSairConta",
              "timedOut": null,
              "duration": 3811,
              "state": "passed",
              "speed": "fast",
              "pass": true,
              "fail": false,
              "pending": false,
              "context": null,
              "code": "cy.FluxoCadastroLogin({\n  Email: \"SairContaVivar@gmail.com\"\n});\ncy.FluxoSairConta();",
              "err": {},
              "uuid": "f881e6fa-3611-4c7f-afec-318b5481d3e5",
              "parentUUID": "0bf787e9-b667-49d0-8fcd-55e727cc37ce",
              "isHook": false,
              "skipped": false
            }
          ],
          "suites": [],
          "passes": [
            "cf8f2221-2b18-4f7a-8541-3ba82e5501f4",
            "f328b6a8-20ad-45b8-8cfe-1a031f6fe101",
            "cc6bc125-f9d5-416b-b9a6-4c7c4af63fb8",
            "5052de9c-f60a-462e-b0e1-0950b9700ad9",
            "caff39e9-9233-4d76-b311-6d452d7f23cf",
            "0e7b509f-cc67-43ea-aeab-645609bd3890",
            "ab0bf30d-4bb8-41b3-bfe0-b7d31ac6186b",
            "1d8571d3-4487-4263-b8bc-1e7f5de24dee",
            "a4145e86-c7fa-4b29-8d54-db57c84d6988",
            "f881e6fa-3611-4c7f-afec-318b5481d3e5"
          ],
          "failures": [],
          "pending": [],
          "skipped": [],
          "duration": 83683,
          "root": false,
          "rootEmpty": false,
          "_timeout": 2000
        }
      ],
      "passes": [],
      "failures": [],
      "pending": [],
      "skipped": [],
      "duration": 0,
      "root": true,
      "rootEmpty": true,
      "_timeout": 2000
    }
  ],
  "meta": {
    "mocha": {
      "version": "7.0.1"
    },
    "mochawesome": {
      "options": {
        "quiet": false,
        "reportFilename": "report_2024-08-04",
        "saveHtml": true,
        "saveJson": true,
        "consoleReporter": "spec",
        "useInlineDiffs": false,
        "code": true
      },
      "version": "7.1.3"
    },
    "marge": {
      "options": {
        "reportDir": "cypress/reports",
        "reportFilename": "report_2024-08-04",
        "overwrite": false,
        "html": true
      },
      "version": "6.2.0"
    }
  }
}