{
  "stats": {
    "suites": 1,
    "tests": 9,
    "passes": 9,
    "pending": 0,
    "failures": 0,
    "start": "2024-08-04T17:31:57.068Z",
    "end": "2024-08-04T17:33:26.992Z",
    "duration": 89924,
    "testsRegistered": 9,
    "passPercent": 100,
    "pendingPercent": 0,
    "other": 0,
    "hasOther": false,
    "skipped": 0,
    "hasSkipped": false
  },
  "results": [
    {
      "uuid": "9c8b9f84-6889-4093-980c-1ed8d44bc66d",
      "title": "",
      "fullFile": "cypress\\e2e\\E2E.cy.js",
      "file": "cypress\\e2e\\E2E.cy.js",
      "beforeHooks": [],
      "afterHooks": [],
      "tests": [],
      "suites": [
        {
          "uuid": "6ff21ead-1843-4094-a278-b8789b2fe511",
          "title": "template spec",
          "fullFile": "",
          "file": "",
          "beforeHooks": [],
          "afterHooks": [],
          "tests": [
            {
              "title": "FluxoCadastroLogin",
              "fullTitle": "template spec FluxoCadastroLogin",
              "timedOut": null,
              "duration": 5321,
              "state": "passed",
              "speed": "medium",
              "pass": true,
              "fail": false,
              "pending": false,
              "context": null,
              "code": "cy.FluxoCadastroLogin({\n  Email: \"CadastroVivar@gmail.com\"\n});",
              "err": {},
              "uuid": "8c1af8c9-e837-4b3f-8d35-971c55142edb",
              "parentUUID": "6ff21ead-1843-4094-a278-b8789b2fe511",
              "isHook": false,
              "skipped": false
            },
            {
              "title": "FluxoLoginInvalido",
              "fullTitle": "template spec FluxoLoginInvalido",
              "timedOut": null,
              "duration": 1858,
              "state": "passed",
              "speed": "fast",
              "pass": true,
              "fail": false,
              "pending": false,
              "context": null,
              "code": "cy.FluxoLoginInvalido({\n  Email: \"EmailClaramentoInvalidoNoSistema@gmail.com\"\n});",
              "err": {},
              "uuid": "818f3b2a-56ec-4e5d-8f8d-a748bb537407",
              "parentUUID": "6ff21ead-1843-4094-a278-b8789b2fe511",
              "isHook": false,
              "skipped": false
            },
            {
              "title": "FluxoCriarContas",
              "fullTitle": "template spec FluxoCriarContas",
              "timedOut": null,
              "duration": 7768,
              "state": "passed",
              "speed": "medium",
              "pass": true,
              "fail": false,
              "pending": false,
              "context": null,
              "code": "cy.FluxoCadastroLogin({\n  Email: \"CriarContaVivar@gmail.com\"\n});\ncy.FluxoCriarContas();",
              "err": {},
              "uuid": "8d4ecccb-85b6-4648-a9ab-84d75680387e",
              "parentUUID": "6ff21ead-1843-4094-a278-b8789b2fe511",
              "isHook": false,
              "skipped": false
            },
            {
              "title": "FluxoAlternativoContaNomeJaExistente",
              "fullTitle": "template spec FluxoAlternativoContaNomeJaExistente",
              "timedOut": null,
              "duration": 8707,
              "state": "passed",
              "speed": "medium",
              "pass": true,
              "fail": false,
              "pending": false,
              "context": null,
              "code": "cy.FluxoCadastroLogin({\n  Email: \"ContaJaExistenteVivar@gmail.com\"\n});\ncy.FluxoCriarContas();\ncy.FluxoAlternativoContaNomeJaExistente();",
              "err": {},
              "uuid": "139b44ef-7359-4960-a86d-5a35e06eed9f",
              "parentUUID": "6ff21ead-1843-4094-a278-b8789b2fe511",
              "isHook": false,
              "skipped": false
            },
            {
              "title": "FluxoExcluirContaComMovimentação",
              "fullTitle": "template spec FluxoExcluirContaComMovimentação",
              "timedOut": null,
              "duration": 14179,
              "state": "passed",
              "speed": "slow",
              "pass": true,
              "fail": false,
              "pending": false,
              "context": null,
              "code": "cy.FluxoCadastroLogin({\n  Email: \"ContaMovimentacaoJaExistenteVivar@gmail.com\"\n});\ncy.FluxoCriarContas();\ncy.FluxoExcluirContaComMovimentação();",
              "err": {},
              "uuid": "58feb88e-ad47-463e-a3ce-2bafe52d0b2a",
              "parentUUID": "6ff21ead-1843-4094-a278-b8789b2fe511",
              "isHook": false,
              "skipped": false
            },
            {
              "title": "FluxoCriarMovimentacao",
              "fullTitle": "template spec FluxoCriarMovimentacao",
              "timedOut": null,
              "duration": 15595,
              "state": "passed",
              "speed": "slow",
              "pass": true,
              "fail": false,
              "pending": false,
              "context": null,
              "code": "cy.FluxoCadastroLogin({\n  Email: \"CriarMovimentacaoVivar@gmail.com\"\n});\ncy.FluxoCriarContas();\ncy.FluxoCriarMovimentacao();",
              "err": {},
              "uuid": "47f4724e-7bed-4571-ad3f-e2d060b7276a",
              "parentUUID": "6ff21ead-1843-4094-a278-b8789b2fe511",
              "isHook": false,
              "skipped": false
            },
            {
              "title": "FluxoValidacaoCampoDataValor",
              "fullTitle": "template spec FluxoValidacaoCampoDataValor",
              "timedOut": null,
              "duration": 13622,
              "state": "passed",
              "speed": "slow",
              "pass": true,
              "fail": false,
              "pending": false,
              "context": null,
              "code": "cy.FluxoCadastroLogin({\n  Email: \"ValidacaoCampoDataValor@gmail.com\"\n});\ncy.FluxoCriarContas();\ncy.FluxoValidacaoCampoDataValor();",
              "err": {},
              "uuid": "d92fe8c5-df10-4ed0-9681-a9d323d33091",
              "parentUUID": "6ff21ead-1843-4094-a278-b8789b2fe511",
              "isHook": false,
              "skipped": false
            },
            {
              "title": "FluxoResumoMensal",
              "fullTitle": "template spec FluxoResumoMensal",
              "timedOut": null,
              "duration": 18284,
              "state": "passed",
              "speed": "slow",
              "pass": true,
              "fail": false,
              "pending": false,
              "context": null,
              "code": "cy.FluxoCadastroLogin({\n  Email: \"ResumoMensalVivar@gmail.com\"\n});\ncy.FluxoCriarContas();\ncy.FluxoCriarMovimentacao();\ncy.FluxoResumoMensal();",
              "err": {},
              "uuid": "449a1740-5a56-4979-b642-dab3cebbffd7",
              "parentUUID": "6ff21ead-1843-4094-a278-b8789b2fe511",
              "isHook": false,
              "skipped": false
            },
            {
              "title": "FluxoSairConta",
              "fullTitle": "template spec FluxoSairConta",
              "timedOut": null,
              "duration": 3942,
              "state": "passed",
              "speed": "fast",
              "pass": true,
              "fail": false,
              "pending": false,
              "context": null,
              "code": "cy.FluxoCadastroLogin({\n  Email: \"SairContaVivar@gmail.com\"\n});\ncy.FluxoSairConta();",
              "err": {},
              "uuid": "280e7ce7-516e-4569-9c15-01b9180205d5",
              "parentUUID": "6ff21ead-1843-4094-a278-b8789b2fe511",
              "isHook": false,
              "skipped": false
            }
          ],
          "suites": [],
          "passes": [
            "8c1af8c9-e837-4b3f-8d35-971c55142edb",
            "818f3b2a-56ec-4e5d-8f8d-a748bb537407",
            "8d4ecccb-85b6-4648-a9ab-84d75680387e",
            "139b44ef-7359-4960-a86d-5a35e06eed9f",
            "58feb88e-ad47-463e-a3ce-2bafe52d0b2a",
            "47f4724e-7bed-4571-ad3f-e2d060b7276a",
            "d92fe8c5-df10-4ed0-9681-a9d323d33091",
            "449a1740-5a56-4979-b642-dab3cebbffd7",
            "280e7ce7-516e-4569-9c15-01b9180205d5"
          ],
          "failures": [],
          "pending": [],
          "skipped": [],
          "duration": 89276,
          "root": false,
          "rootEmpty": false,
          "_timeout": 2000
        }
      ],
      "passes": [],
      "failures": [],
      "pending": [],
      "skipped": [],
      "duration": 0,
      "root": true,
      "rootEmpty": true,
      "_timeout": 2000
    }
  ],
  "meta": {
    "mocha": {
      "version": "7.0.1"
    },
    "mochawesome": {
      "options": {
        "quiet": false,
        "reportFilename": "report_2024-08-04",
        "saveHtml": true,
        "saveJson": true,
        "consoleReporter": "spec",
        "useInlineDiffs": false,
        "code": true
      },
      "version": "7.1.3"
    },
    "marge": {
      "options": {
        "reportDir": "cypress/reports",
        "reportFilename": "report_2024-08-04",
        "overwrite": false,
        "html": true
      },
      "version": "6.2.0"
    }
  }
}