{
  "stats": {
    "suites": 1,
    "tests": 9,
    "passes": 9,
    "pending": 0,
    "failures": 0,
    "start": "2024-08-04T17:37:23.248Z",
    "end": "2024-08-04T17:38:53.256Z",
    "duration": 90008,
    "testsRegistered": 9,
    "passPercent": 100,
    "pendingPercent": 0,
    "other": 0,
    "hasOther": false,
    "skipped": 0,
    "hasSkipped": false
  },
  "results": [
    {
      "uuid": "c9f91a1b-2deb-41d0-b06b-48d3f7442157",
      "title": "",
      "fullFile": "cypress\\e2e\\E2E.cy.js",
      "file": "cypress\\e2e\\E2E.cy.js",
      "beforeHooks": [],
      "afterHooks": [],
      "tests": [],
      "suites": [
        {
          "uuid": "424fb361-c73d-42bb-973c-f01445c56f9f",
          "title": "template spec",
          "fullFile": "",
          "file": "",
          "beforeHooks": [],
          "afterHooks": [],
          "tests": [
            {
              "title": "FluxoCadastroLogin",
              "fullTitle": "template spec FluxoCadastroLogin",
              "timedOut": null,
              "duration": 5450,
              "state": "passed",
              "speed": "medium",
              "pass": true,
              "fail": false,
              "pending": false,
              "context": null,
              "code": "cy.FluxoCadastroLogin({\n  Email: \"CadastroVivar@gmail.com\"\n});",
              "err": {},
              "uuid": "02ca196e-c813-40ba-ba18-9994a354f640",
              "parentUUID": "424fb361-c73d-42bb-973c-f01445c56f9f",
              "isHook": false,
              "skipped": false
            },
            {
              "title": "FluxoLoginInvalido",
              "fullTitle": "template spec FluxoLoginInvalido",
              "timedOut": null,
              "duration": 1823,
              "state": "passed",
              "speed": "fast",
              "pass": true,
              "fail": false,
              "pending": false,
              "context": null,
              "code": "cy.FluxoLoginInvalido({\n  Email: \"EmailClaramentoInvalidoNoSistema@gmail.com\"\n});",
              "err": {},
              "uuid": "23fdc065-056c-43d4-9a61-b406dc159f64",
              "parentUUID": "424fb361-c73d-42bb-973c-f01445c56f9f",
              "isHook": false,
              "skipped": false
            },
            {
              "title": "FluxoCriarContas",
              "fullTitle": "template spec FluxoCriarContas",
              "timedOut": null,
              "duration": 7840,
              "state": "passed",
              "speed": "medium",
              "pass": true,
              "fail": false,
              "pending": false,
              "context": null,
              "code": "cy.FluxoCadastroLogin({\n  Email: \"CriarContaVivar@gmail.com\"\n});\ncy.FluxoCriarContas();",
              "err": {},
              "uuid": "3d7a58e0-0969-45de-8f22-266b49e35438",
              "parentUUID": "424fb361-c73d-42bb-973c-f01445c56f9f",
              "isHook": false,
              "skipped": false
            },
            {
              "title": "FluxoAlternativoContaNomeJaExistente",
              "fullTitle": "template spec FluxoAlternativoContaNomeJaExistente",
              "timedOut": null,
              "duration": 8777,
              "state": "passed",
              "speed": "medium",
              "pass": true,
              "fail": false,
              "pending": false,
              "context": null,
              "code": "cy.FluxoCadastroLogin({\n  Email: \"ContaJaExistenteVivar@gmail.com\"\n});\ncy.FluxoCriarContas();\ncy.FluxoAlternativoContaNomeJaExistente();",
              "err": {},
              "uuid": "9e5ab57c-5980-486b-aa12-59c1fcce5c07",
              "parentUUID": "424fb361-c73d-42bb-973c-f01445c56f9f",
              "isHook": false,
              "skipped": false
            },
            {
              "title": "FluxoExcluirContaComMovimentação",
              "fullTitle": "template spec FluxoExcluirContaComMovimentação",
              "timedOut": null,
              "duration": 14589,
              "state": "passed",
              "speed": "slow",
              "pass": true,
              "fail": false,
              "pending": false,
              "context": null,
              "code": "cy.FluxoCadastroLogin({\n  Email: \"ContaMovimentacaoJaExistenteVivar@gmail.com\"\n});\ncy.FluxoCriarContas();\ncy.FluxoExcluirContaComMovimentação();",
              "err": {},
              "uuid": "c2db3ce2-c6cf-468a-8876-4fbe141a9b2a",
              "parentUUID": "424fb361-c73d-42bb-973c-f01445c56f9f",
              "isHook": false,
              "skipped": false
            },
            {
              "title": "FluxoCriarMovimentacao",
              "fullTitle": "template spec FluxoCriarMovimentacao",
              "timedOut": null,
              "duration": 15744,
              "state": "passed",
              "speed": "slow",
              "pass": true,
              "fail": false,
              "pending": false,
              "context": null,
              "code": "cy.FluxoCadastroLogin({\n  Email: \"CriarMovimentacaoVivar@gmail.com\"\n});\ncy.FluxoCriarContas();\ncy.FluxoCriarMovimentacao();",
              "err": {},
              "uuid": "b8c5c70f-0e31-4fda-9fb0-73e8e1d32f09",
              "parentUUID": "424fb361-c73d-42bb-973c-f01445c56f9f",
              "isHook": false,
              "skipped": false
            },
            {
              "title": "FluxoValidacaoCampoDataValor",
              "fullTitle": "template spec FluxoValidacaoCampoDataValor",
              "timedOut": null,
              "duration": 13725,
              "state": "passed",
              "speed": "slow",
              "pass": true,
              "fail": false,
              "pending": false,
              "context": null,
              "code": "cy.FluxoCadastroLogin({\n  Email: \"ValidacaoCampoDataValor@gmail.com\"\n});\ncy.FluxoCriarContas();\ncy.FluxoValidacaoCampoDataValor();",
              "err": {},
              "uuid": "4ff01413-0481-4909-b498-b4e5e41146e0",
              "parentUUID": "424fb361-c73d-42bb-973c-f01445c56f9f",
              "isHook": false,
              "skipped": false
            },
            {
              "title": "FluxoResumoMensal",
              "fullTitle": "template spec FluxoResumoMensal",
              "timedOut": null,
              "duration": 17696,
              "state": "passed",
              "speed": "slow",
              "pass": true,
              "fail": false,
              "pending": false,
              "context": null,
              "code": "cy.FluxoCadastroLogin({\n  Email: \"ResumoMensalVivar@gmail.com\"\n});\ncy.FluxoCriarContas();\ncy.FluxoCriarMovimentacao();\ncy.FluxoResumoMensal();",
              "err": {},
              "uuid": "39801878-4015-4037-8733-3df816ca75cf",
              "parentUUID": "424fb361-c73d-42bb-973c-f01445c56f9f",
              "isHook": false,
              "skipped": false
            },
            {
              "title": "FluxoSairConta",
              "fullTitle": "template spec FluxoSairConta",
              "timedOut": null,
              "duration": 3808,
              "state": "passed",
              "speed": "fast",
              "pass": true,
              "fail": false,
              "pending": false,
              "context": null,
              "code": "cy.FluxoCadastroLogin({\n  Email: \"SairContaVivar@gmail.com\"\n});\ncy.FluxoSairConta();",
              "err": {},
              "uuid": "25ae2a92-7445-4abb-9163-4e3853277bb4",
              "parentUUID": "424fb361-c73d-42bb-973c-f01445c56f9f",
              "isHook": false,
              "skipped": false
            }
          ],
          "suites": [],
          "passes": [
            "02ca196e-c813-40ba-ba18-9994a354f640",
            "23fdc065-056c-43d4-9a61-b406dc159f64",
            "3d7a58e0-0969-45de-8f22-266b49e35438",
            "9e5ab57c-5980-486b-aa12-59c1fcce5c07",
            "c2db3ce2-c6cf-468a-8876-4fbe141a9b2a",
            "b8c5c70f-0e31-4fda-9fb0-73e8e1d32f09",
            "4ff01413-0481-4909-b498-b4e5e41146e0",
            "39801878-4015-4037-8733-3df816ca75cf",
            "25ae2a92-7445-4abb-9163-4e3853277bb4"
          ],
          "failures": [],
          "pending": [],
          "skipped": [],
          "duration": 89452,
          "root": false,
          "rootEmpty": false,
          "_timeout": 2000
        }
      ],
      "passes": [],
      "failures": [],
      "pending": [],
      "skipped": [],
      "duration": 0,
      "root": true,
      "rootEmpty": true,
      "_timeout": 2000
    }
  ],
  "meta": {
    "mocha": {
      "version": "7.0.1"
    },
    "mochawesome": {
      "options": {
        "quiet": false,
        "reportFilename": "report_2024-08-04",
        "saveHtml": true,
        "saveJson": true,
        "consoleReporter": "spec",
        "useInlineDiffs": false,
        "code": true
      },
      "version": "7.1.3"
    },
    "marge": {
      "options": {
        "reportDir": "cypress/reports",
        "reportFilename": "report_2024-08-04",
        "overwrite": false,
        "html": true
      },
      "version": "6.2.0"
    }
  }
}