{
  "stats": {
    "suites": 1,
    "tests": 10,
    "passes": 10,
    "pending": 0,
    "failures": 0,
    "start": "2024-08-04T20:25:16.701Z",
    "end": "2024-08-04T20:26:40.608Z",
    "duration": 83907,
    "testsRegistered": 10,
    "passPercent": 100,
    "pendingPercent": 0,
    "other": 0,
    "hasOther": false,
    "skipped": 0,
    "hasSkipped": false
  },
  "results": [
    {
      "uuid": "73e607a9-2011-452d-8094-07865b4b1435",
      "title": "",
      "fullFile": "cypress\\e2e\\E2E.cy.js",
      "file": "cypress\\e2e\\E2E.cy.js",
      "beforeHooks": [],
      "afterHooks": [],
      "tests": [],
      "suites": [
        {
          "uuid": "400e9d05-199c-4f01-983b-6821e13588c4",
          "title": "template spec",
          "fullFile": "",
          "file": "",
          "beforeHooks": [],
          "afterHooks": [],
          "tests": [
            {
              "title": "FluxoCadastroLogin",
              "fullTitle": "template spec FluxoCadastroLogin",
              "timedOut": null,
              "duration": 5509,
              "state": "passed",
              "speed": "medium",
              "pass": true,
              "fail": false,
              "pending": false,
              "context": null,
              "code": "cy.FluxoCadastroLogin({\n  Email: \"CadastroVivar@gmail.com\"\n});",
              "err": {},
              "uuid": "8cebbdd7-e1af-4873-94c4-027564918967",
              "parentUUID": "400e9d05-199c-4f01-983b-6821e13588c4",
              "isHook": false,
              "skipped": false
            },
            {
              "title": "FluxoLoginInvalido",
              "fullTitle": "template spec FluxoLoginInvalido",
              "timedOut": null,
              "duration": 1829,
              "state": "passed",
              "speed": "fast",
              "pass": true,
              "fail": false,
              "pending": false,
              "context": null,
              "code": "cy.FluxoLoginInvalido({\n  Email: \"EmailClaramentoInvalidoNoSistema@gmail.com\"\n});",
              "err": {},
              "uuid": "b2d6f33c-b300-4786-a0b8-d7072a11942d",
              "parentUUID": "400e9d05-199c-4f01-983b-6821e13588c4",
              "isHook": false,
              "skipped": false
            },
            {
              "title": "FluxoCriarContas",
              "fullTitle": "template spec FluxoCriarContas",
              "timedOut": null,
              "duration": 5980,
              "state": "passed",
              "speed": "medium",
              "pass": true,
              "fail": false,
              "pending": false,
              "context": null,
              "code": "cy.FluxoCadastroLogin({\n  Email: \"CriarContaVivar@gmail.com\"\n});\ncy.FluxoCriarContas({\n  Conta: `${_variaveis.Conta1}`\n});\ncy.FluxoCriarContas({\n  Conta: `${_variaveis.Conta2}`\n});",
              "err": {},
              "uuid": "9c85e44b-f3d2-4926-b73a-1d1f2a773ae5",
              "parentUUID": "400e9d05-199c-4f01-983b-6821e13588c4",
              "isHook": false,
              "skipped": false
            },
            {
              "title": "FluxoAlterarNomeConta",
              "fullTitle": "template spec FluxoAlterarNomeConta",
              "timedOut": null,
              "duration": 8037,
              "state": "passed",
              "speed": "medium",
              "pass": true,
              "fail": false,
              "pending": false,
              "context": null,
              "code": "cy.FluxoCadastroLogin({\n  Email: \"AlterarNomeContaVivar@gmail.com\"\n});\ncy.FluxoCriarContas({\n  Conta: `${_variaveis.Conta1}`\n});\ncy.FluxoCriarContas({\n  Conta: `${_variaveis.Conta2}`\n});\ncy.FluxoAlterarNomeConta();",
              "err": {},
              "uuid": "6d4cc9ff-f69c-44fa-954b-b03901e22b83",
              "parentUUID": "400e9d05-199c-4f01-983b-6821e13588c4",
              "isHook": false,
              "skipped": false
            },
            {
              "title": "FluxoAlternativoContaNomeJaExistente",
              "fullTitle": "template spec FluxoAlternativoContaNomeJaExistente",
              "timedOut": null,
              "duration": 5811,
              "state": "passed",
              "speed": "medium",
              "pass": true,
              "fail": false,
              "pending": false,
              "context": null,
              "code": "cy.FluxoCadastroLogin({\n  Email: \"ContaJaExistenteVivar@gmail.com\"\n});\ncy.FluxoCriarContas({\n  Conta: `${_variaveis.Conta1}`\n});\ncy.FluxoAlternativoContaNomeJaExistente();",
              "err": {},
              "uuid": "99e5aa3c-62ab-4db9-a35d-dfa73576f687",
              "parentUUID": "400e9d05-199c-4f01-983b-6821e13588c4",
              "isHook": false,
              "skipped": false
            },
            {
              "title": "FluxoExcluirContaComMovimentação",
              "fullTitle": "template spec FluxoExcluirContaComMovimentação",
              "timedOut": null,
              "duration": 8096,
              "state": "passed",
              "speed": "medium",
              "pass": true,
              "fail": false,
              "pending": false,
              "context": null,
              "code": "cy.FluxoCadastroLogin({\n  Email: \"ContaMovimentacaoJaExistenteVivar@gmail.com\"\n});\ncy.FluxoCriarContas({\n  Conta: `${_variaveis.Conta1}`\n});\ncy.FluxoCriarMovimentacao({\n  Conta: `${_variaveis.Conta1}`,\n  Data: `${_variaveis.Data1}`,\n  Valor: \"1400\",\n  Tipo: \"Receita\",\n  Resposta: \"Movimentação adicionada com sucesso!\",\n  Status: \"#status_pago\"\n});\ncy.FluxoExcluirContaComMovimentação();",
              "err": {},
              "uuid": "7a997fda-4128-42e3-8958-711e9a8b82a8",
              "parentUUID": "400e9d05-199c-4f01-983b-6821e13588c4",
              "isHook": false,
              "skipped": false
            },
            {
              "title": "FluxoCriarMovimentacao",
              "fullTitle": "template spec FluxoCriarMovimentacao",
              "timedOut": null,
              "duration": 15263,
              "state": "passed",
              "speed": "slow",
              "pass": true,
              "fail": false,
              "pending": false,
              "context": null,
              "code": "cy.FluxoCadastroLogin({\n  Email: \"CriarMovimentacaoVivar@gmail.com\"\n});\ncy.FluxoCriarContas({\n  Conta: `${_variaveis.Conta1}`\n});\ncy.FluxoCriarContas({\n  Conta: `${_variaveis.Conta2}`\n});\ncy.FluxoCriarMovimentacao({\n  Conta: `${_variaveis.Conta1}`,\n  Data: `${_variaveis.Data1}`,\n  Valor: \"1400\",\n  Tipo: \"Receita\",\n  Resposta: \"Movimentação adicionada com sucesso!\",\n  Status: \"#status_pendente\"\n});\ncy.FluxoCriarMovimentacao({\n  Conta: `${_variaveis.Conta2}`,\n  Data: `${_variaveis.Data2}`,\n  Valor: \"1400\",\n  Tipo: \"Receita\",\n  Resposta: \"Movimentação adicionada com sucesso!\",\n  Status: \"#status_pendente\"\n});\ncy.FluxoCriarMovimentacao({\n  Conta: `${_variaveis.Conta1}`,\n  Data: `${_variaveis.Data2}`,\n  Valor: \"1400\",\n  Tipo: \"Despesa\",\n  Resposta: \"Movimentação adicionada com sucesso!\",\n  Status: \"#status_pago\"\n});\ncy.FluxoCriarMovimentacao({\n  Conta: `${_variaveis.Conta1}`,\n  Data: `${_variaveis.Data1}`,\n  Valor: \"1400\",\n  Tipo: \"Despesa\",\n  Resposta: \"Movimentação adicionada com sucesso!\",\n  Status: \"#status_pago\"\n});",
              "err": {},
              "uuid": "b7e4528e-8c93-47c9-a8d1-1c580ff52b84",
              "parentUUID": "400e9d05-199c-4f01-983b-6821e13588c4",
              "isHook": false,
              "skipped": false
            },
            {
              "title": "FluxoValidacaoCampoDataValor",
              "fullTitle": "template spec FluxoValidacaoCampoDataValor",
              "timedOut": null,
              "duration": 11761,
              "state": "passed",
              "speed": "slow",
              "pass": true,
              "fail": false,
              "pending": false,
              "context": null,
              "code": "cy.FluxoCadastroLogin({\n  Email: \"ValidacaoCampoDataValor@gmail.com\"\n});\ncy.FluxoCriarContas({\n  Conta: `${_variaveis.Conta1}`\n});\ncy.FluxoCriarMovimentacao({\n  Conta: `${_variaveis.Conta1}`,\n  Data: \"asdasd\",\n  Valor: \"1400\",\n  Tipo: \"Despesa\",\n  Resposta: \"Data da Movimentação inválida (DD/MM/YYYY)\",\n  Status: \"#status_pago\"\n});\ncy.FluxoCriarMovimentacao({\n  Conta: `${_variaveis.Conta1}`,\n  Data: \"14042024\",\n  Valor: \"1400\",\n  Tipo: \"Despesa\",\n  Resposta: \"Data do pagamento inválida (DD/MM/YYYY)\",\n  Status: \"#status_pago\"\n});\ncy.FluxoCriarMovimentacao({\n  Conta: `${_variaveis.Conta1}`,\n  Data: `${_variaveis.Data2}`,\n  Valor: \"adsiaosdsauoduas\",\n  Tipo: \"Despesa\",\n  Resposta: \"Valor deve ser um número\",\n  Status: \"#status_pago\"\n});",
              "err": {},
              "uuid": "76986503-9cb4-4cdc-9577-6c7e08a19f19",
              "parentUUID": "400e9d05-199c-4f01-983b-6821e13588c4",
              "isHook": false,
              "skipped": false
            },
            {
              "title": "FluxoResumoMensal",
              "fullTitle": "template spec FluxoResumoMensal",
              "timedOut": null,
              "duration": 17433,
              "state": "passed",
              "speed": "slow",
              "pass": true,
              "fail": false,
              "pending": false,
              "context": null,
              "code": "cy.FluxoCadastroLogin({\n  Email: \"ResumoMensalVivar@gmail.com\"\n});\ncy.FluxoCriarContas({\n  Conta: `${_variaveis.Conta1}`\n});\ncy.FluxoCriarContas({\n  Conta: `${_variaveis.Conta2}`\n});\ncy.FluxoCriarMovimentacao({\n  Conta: `${_variaveis.Conta1}`,\n  Data: `${_variaveis.Data1}`,\n  Valor: \"1400\",\n  Tipo: \"Receita\",\n  Resposta: \"Movimentação adicionada com sucesso!\",\n  Status: \"#status_pendente\"\n});\ncy.FluxoCriarMovimentacao({\n  Conta: `${_variaveis.Conta2}`,\n  Data: `${_variaveis.Data2}`,\n  Valor: \"1400\",\n  Tipo: \"Receita\",\n  Resposta: \"Movimentação adicionada com sucesso!\",\n  Status: \"#status_pendente\"\n});\ncy.FluxoCriarMovimentacao({\n  Conta: `${_variaveis.Conta1}`,\n  Data: `${_variaveis.Data2}`,\n  Valor: \"1400\",\n  Tipo: \"Despesa\",\n  Resposta: \"Movimentação adicionada com sucesso!\",\n  Status: \"#status_pago\"\n});\ncy.FluxoCriarMovimentacao({\n  Conta: `${_variaveis.Conta1}`,\n  Data: `${_variaveis.Data1}`,\n  Valor: \"1400\",\n  Tipo: \"Despesa\",\n  Resposta: \"Movimentação adicionada com sucesso!\",\n  Status: \"#status_pago\"\n});\ncy.FluxoResumoMensal();",
              "err": {},
              "uuid": "ec003abf-b813-4a53-9a87-53c7afb0d135",
              "parentUUID": "400e9d05-199c-4f01-983b-6821e13588c4",
              "isHook": false,
              "skipped": false
            },
            {
              "title": "FluxoSairConta",
              "fullTitle": "template spec FluxoSairConta",
              "timedOut": null,
              "duration": 3658,
              "state": "passed",
              "speed": "fast",
              "pass": true,
              "fail": false,
              "pending": false,
              "context": null,
              "code": "cy.FluxoCadastroLogin({\n  Email: \"SairContaVivar@gmail.com\"\n});\ncy.FluxoSairConta();",
              "err": {},
              "uuid": "4468fa71-d5dd-4c3c-968a-517e382e21fc",
              "parentUUID": "400e9d05-199c-4f01-983b-6821e13588c4",
              "isHook": false,
              "skipped": false
            }
          ],
          "suites": [],
          "passes": [
            "8cebbdd7-e1af-4873-94c4-027564918967",
            "b2d6f33c-b300-4786-a0b8-d7072a11942d",
            "9c85e44b-f3d2-4926-b73a-1d1f2a773ae5",
            "6d4cc9ff-f69c-44fa-954b-b03901e22b83",
            "99e5aa3c-62ab-4db9-a35d-dfa73576f687",
            "7a997fda-4128-42e3-8958-711e9a8b82a8",
            "b7e4528e-8c93-47c9-a8d1-1c580ff52b84",
            "76986503-9cb4-4cdc-9577-6c7e08a19f19",
            "ec003abf-b813-4a53-9a87-53c7afb0d135",
            "4468fa71-d5dd-4c3c-968a-517e382e21fc"
          ],
          "failures": [],
          "pending": [],
          "skipped": [],
          "duration": 83377,
          "root": false,
          "rootEmpty": false,
          "_timeout": 2000
        }
      ],
      "passes": [],
      "failures": [],
      "pending": [],
      "skipped": [],
      "duration": 0,
      "root": true,
      "rootEmpty": true,
      "_timeout": 2000
    }
  ],
  "meta": {
    "mocha": {
      "version": "7.0.1"
    },
    "mochawesome": {
      "options": {
        "quiet": false,
        "reportFilename": "report_2024-08-04",
        "saveHtml": true,
        "saveJson": true,
        "consoleReporter": "spec",
        "useInlineDiffs": false,
        "code": true
      },
      "version": "7.1.3"
    },
    "marge": {
      "options": {
        "reportDir": "cypress/reports",
        "reportFilename": "report_2024-08-04",
        "overwrite": false,
        "html": true
      },
      "version": "6.2.0"
    }
  }
}